2025-09-01 09:08:22,333 INFO o.a.j.u.JMeterUtils: Setting Locale to en_EN
2025-09-01 09:08:22,341 INFO o.a.j.JMeter: Loading user properties from: D:\QA STUFF\ProgramsForTesting\Jmeter\apache-jmeter-5.6.3\apache-jmeter-5.6.3\bin\user.properties
2025-09-01 09:08:22,342 INFO o.a.j.JMeter: Loading system properties from: D:\QA STUFF\ProgramsForTesting\Jmeter\apache-jmeter-5.6.3\apache-jmeter-5.6.3\bin\system.properties
2025-09-01 09:08:22,346 INFO o.a.j.JMeter: Copyright (c) 1998-2024 The Apache Software Foundation
2025-09-01 09:08:22,347 INFO o.a.j.JMeter: Version 5.6.3
2025-09-01 09:08:22,347 INFO o.a.j.JMeter: java.version=1.8.0_461
2025-09-01 09:08:22,347 INFO o.a.j.JMeter: java.vm.name=Java HotSpot(TM) 64-Bit Server VM
2025-09-01 09:08:22,347 INFO o.a.j.JMeter: os.name=Windows 11
2025-09-01 09:08:22,347 INFO o.a.j.JMeter: os.arch=amd64
2025-09-01 09:08:22,347 INFO o.a.j.JMeter: os.version=10.0
2025-09-01 09:08:22,347 INFO o.a.j.JMeter: file.encoding=Cp1251
2025-09-01 09:08:22,347 INFO o.a.j.JMeter: java.awt.headless=null
2025-09-01 09:08:22,347 INFO o.a.j.JMeter: Max memory     =1073741824
2025-09-01 09:08:22,347 INFO o.a.j.JMeter: Available Processors =16
2025-09-01 09:08:22,350 INFO o.a.j.JMeter: Default Locale=English (EN)
2025-09-01 09:08:22,350 INFO o.a.j.JMeter: JMeter  Locale=English (EN)
2025-09-01 09:08:22,350 INFO o.a.j.JMeter: JMeterHome=D:\QA STUFF\ProgramsForTesting\Jmeter\apache-jmeter-5.6.3\apache-jmeter-5.6.3
2025-09-01 09:08:22,350 INFO o.a.j.JMeter: user.dir  =C:\Users\User\Desktop\JMeter_GitHub_Portfolio\JMeter_GitHub_Portfolio
2025-09-01 09:08:22,350 INFO o.a.j.JMeter: PWD       =C:\Users\User\Desktop\JMeter_GitHub_Portfolio\JMeter_GitHub_Portfolio
2025-09-01 09:08:22,355 INFO o.a.j.JMeter: IP: 192.168.1.101 Name: DESKTOP-QM45L57 FullName: host.docker.internal
2025-09-01 09:08:22,367 INFO o.a.j.JMeter: Loaded icon properties from org/apache/jmeter/images/icon.properties
2025-09-01 09:08:22,477 INFO o.a.j.JMeterGuiLauncher: Setting LAF to: com.github.weisj.darklaf.DarkLaf:com.github.weisj.darklaf.theme.DarculaTheme
2025-09-01 09:08:36,066 INFO o.a.j.s.FileServer: Default base='C:\Users\User\Desktop\JMeter_GitHub_Portfolio\JMeter_GitHub_Portfolio'
2025-09-01 09:08:36,068 INFO o.a.j.g.a.Load: Loading file: C:\Users\User\Desktop\JMeter_GitHub_Portfolio\JMeter_GitHub_Portfolio\test-plan.jmx
2025-09-01 09:08:36,068 INFO o.a.j.s.FileServer: Set new base='C:\Users\User\Desktop\JMeter_GitHub_Portfolio\JMeter_GitHub_Portfolio'
2025-09-01 09:08:36,161 INFO o.a.j.s.SaveService: Testplan (JMX) version: 2.2. Testlog (JTL) version: 2.2
2025-09-01 09:08:36,176 INFO o.a.j.s.SaveService: Using SaveService properties file encoding UTF-8
2025-09-01 09:08:36,177 INFO o.a.j.s.SaveService: Using SaveService properties version 5.0
2025-09-01 09:08:36,178 INFO o.a.j.s.SaveService: Loading file: C:\Users\User\Desktop\JMeter_GitHub_Portfolio\JMeter_GitHub_Portfolio\test-plan.jmx
2025-09-01 09:08:36,214 INFO o.a.j.p.h.s.HTTPSamplerBase: Parser for text/html is org.apache.jmeter.protocol.http.parser.LagartoBasedHtmlParser
2025-09-01 09:08:36,214 INFO o.a.j.p.h.s.HTTPSamplerBase: Parser for application/xhtml+xml is org.apache.jmeter.protocol.http.parser.LagartoBasedHtmlParser
2025-09-01 09:08:36,214 INFO o.a.j.p.h.s.HTTPSamplerBase: Parser for application/xml is org.apache.jmeter.protocol.http.parser.LagartoBasedHtmlParser
2025-09-01 09:08:36,214 INFO o.a.j.p.h.s.HTTPSamplerBase: Parser for text/xml is org.apache.jmeter.protocol.http.parser.LagartoBasedHtmlParser
2025-09-01 09:08:36,214 INFO o.a.j.p.h.s.HTTPSamplerBase: Parser for text/vnd.wap.wml is org.apache.jmeter.protocol.http.parser.RegexpHTMLParser
2025-09-01 09:08:36,215 INFO o.a.j.p.h.s.HTTPSamplerBase: Parser for text/css is org.apache.jmeter.protocol.http.parser.CssParser
2025-09-01 09:08:36,380 INFO o.a.j.s.SampleResult: Note: Sample TimeStamps are START times
2025-09-01 09:08:36,380 INFO o.a.j.s.SampleResult: sampleresult.default.encoding is set to UTF-8
2025-09-01 09:08:36,380 INFO o.a.j.s.SampleResult: sampleresult.useNanoTime=true
2025-09-01 09:08:36,380 INFO o.a.j.s.SampleResult: sampleresult.nanoThreadSleep=5000
2025-09-01 09:08:36,509 INFO o.a.j.s.FileServer: Set new base='C:\Users\User\Desktop\JMeter_GitHub_Portfolio\JMeter_GitHub_Portfolio'
2025-09-01 09:08:46,185 INFO o.a.j.e.StandardJMeterEngine: Running the test!
2025-09-01 09:08:46,186 INFO o.a.j.s.SampleEvent: List of sample_variables: []
2025-09-01 09:08:46,186 INFO o.a.j.s.SampleEvent: List of sample_variables: []
2025-09-01 09:08:46,186 INFO o.a.j.e.u.CompoundVariable: Note: Function class names must contain the string: '.functions.'
2025-09-01 09:08:46,186 INFO o.a.j.e.u.CompoundVariable: Note: Function class names must not contain the string: '.gui.'
2025-09-01 09:08:46,371 INFO o.a.j.g.u.JMeterMenuBar: setRunning(true, *local*)
2025-09-01 09:08:46,448 INFO o.a.j.e.StandardJMeterEngine: Starting ThreadGroup: 1 : Casual Visitors - Loop 5 Times
2025-09-01 09:08:46,448 INFO o.a.j.e.StandardJMeterEngine: Starting 20 threads for group Casual Visitors - Loop 5 Times.
2025-09-01 09:08:46,448 INFO o.a.j.e.StandardJMeterEngine: Thread will continue on error
2025-09-01 09:08:46,448 INFO o.a.j.t.ThreadGroup: Starting thread group... number=1 threads=20 ramp-up=5 delayedStart=false
2025-09-01 09:08:46,460 INFO o.a.j.t.JMeterThread: Thread started: Casual Visitors - Loop 5 Times 1-1
2025-09-01 09:08:46,473 INFO o.a.j.t.ThreadGroup: Started thread group number 1
2025-09-01 09:08:46,473 INFO o.a.j.e.StandardJMeterEngine: All thread groups have been started
2025-09-01 09:08:46,479 INFO o.a.j.p.h.s.HTTPHCAbstractImpl: Local host = DESKTOP-QM45L57
2025-09-01 09:08:46,485 INFO o.a.j.p.h.s.HTTPHC4Impl: HTTP request retry count = 0
2025-09-01 09:08:46,546 INFO o.a.j.p.h.s.h.LazyLayeredConnectionSocketFactory: Setting up HTTPS TrustAll Socket Factory
2025-09-01 09:08:46,548 INFO o.a.j.u.JsseSSLManager: Using default SSL protocol: TLS
2025-09-01 09:08:46,548 INFO o.a.j.u.JsseSSLManager: SSL session context: per-thread
2025-09-01 09:08:46,701 INFO o.a.j.t.JMeterThread: Thread started: Casual Visitors - Loop 5 Times 1-2
2025-09-01 09:08:46,838 INFO o.a.j.u.SSLManager: JmeterKeyStore Location:  type JKS
2025-09-01 09:08:46,840 INFO o.a.j.u.SSLManager: KeyStore created OK
2025-09-01 09:08:46,840 WARN o.a.j.u.SSLManager: Keystore file not found, loading empty keystore
2025-09-01 09:08:46,841 INFO o.a.j.u.SSLManager: TrustStore Location: bin/empty.jks
2025-09-01 09:08:46,841 INFO o.a.j.u.SSLManager: TrustStore Location: bin/empty.jks
2025-09-01 09:08:46,841 INFO o.a.j.u.SSLManager: TrustStore created OK, Type: JKS
2025-09-01 09:08:46,841 INFO o.a.j.u.SSLManager: TrustStore created OK, Type: JKS
2025-09-01 09:08:46,842 WARN o.a.j.u.SSLManager: Truststore file not found, loading empty truststore
2025-09-01 09:08:46,842 WARN o.a.j.u.SSLManager: Truststore file not found, loading empty truststore
2025-09-01 09:08:46,951 INFO o.a.j.t.JMeterThread: Thread started: Casual Visitors - Loop 5 Times 1-3
2025-09-01 09:08:47,202 INFO o.a.j.t.JMeterThread: Thread started: Casual Visitors - Loop 5 Times 1-4
2025-09-01 09:08:47,210 INFO o.a.j.t.JMeterThread: Thread is done: Casual Visitors - Loop 5 Times 1-2
2025-09-01 09:08:47,210 INFO o.a.j.t.JMeterThread: Thread is done: Casual Visitors - Loop 5 Times 1-3
2025-09-01 09:08:47,210 INFO o.a.j.t.JMeterThread: Thread finished: Casual Visitors - Loop 5 Times 1-2
2025-09-01 09:08:47,210 INFO o.a.j.t.JMeterThread: Thread finished: Casual Visitors - Loop 5 Times 1-3
2025-09-01 09:08:47,216 INFO o.a.j.t.JMeterThread: Thread is done: Casual Visitors - Loop 5 Times 1-1
2025-09-01 09:08:47,216 INFO o.a.j.t.JMeterThread: Thread finished: Casual Visitors - Loop 5 Times 1-1
2025-09-01 09:08:47,297 INFO o.a.j.t.JMeterThread: Thread is done: Casual Visitors - Loop 5 Times 1-4
2025-09-01 09:08:47,297 INFO o.a.j.t.JMeterThread: Thread finished: Casual Visitors - Loop 5 Times 1-4
2025-09-01 09:08:47,453 INFO o.a.j.t.JMeterThread: Thread started: Casual Visitors - Loop 5 Times 1-5
2025-09-01 09:08:47,597 INFO o.a.j.t.JMeterThread: Thread is done: Casual Visitors - Loop 5 Times 1-5
2025-09-01 09:08:47,597 INFO o.a.j.t.JMeterThread: Thread finished: Casual Visitors - Loop 5 Times 1-5
2025-09-01 09:08:47,703 INFO o.a.j.t.JMeterThread: Thread started: Casual Visitors - Loop 5 Times 1-6
2025-09-01 09:08:47,809 INFO o.a.j.t.JMeterThread: Thread is done: Casual Visitors - Loop 5 Times 1-6
2025-09-01 09:08:47,809 INFO o.a.j.t.JMeterThread: Thread finished: Casual Visitors - Loop 5 Times 1-6
2025-09-01 09:08:47,950 INFO o.a.j.t.JMeterThread: Thread started: Casual Visitors - Loop 5 Times 1-7
2025-09-01 09:08:48,048 INFO o.a.j.t.JMeterThread: Thread is done: Casual Visitors - Loop 5 Times 1-7
2025-09-01 09:08:48,048 INFO o.a.j.t.JMeterThread: Thread finished: Casual Visitors - Loop 5 Times 1-7
2025-09-01 09:08:48,200 INFO o.a.j.t.JMeterThread: Thread started: Casual Visitors - Loop 5 Times 1-8
2025-09-01 09:08:48,298 INFO o.a.j.t.JMeterThread: Thread is done: Casual Visitors - Loop 5 Times 1-8
2025-09-01 09:08:48,298 INFO o.a.j.t.JMeterThread: Thread finished: Casual Visitors - Loop 5 Times 1-8
2025-09-01 09:08:48,455 INFO o.a.j.t.JMeterThread: Thread started: Casual Visitors - Loop 5 Times 1-9
2025-09-01 09:08:48,567 INFO o.a.j.t.JMeterThread: Thread is done: Casual Visitors - Loop 5 Times 1-9
2025-09-01 09:08:48,568 INFO o.a.j.t.JMeterThread: Thread finished: Casual Visitors - Loop 5 Times 1-9
2025-09-01 09:08:48,705 INFO o.a.j.t.JMeterThread: Thread started: Casual Visitors - Loop 5 Times 1-10
2025-09-01 09:08:48,805 INFO o.a.j.t.JMeterThread: Thread is done: Casual Visitors - Loop 5 Times 1-10
2025-09-01 09:08:48,805 INFO o.a.j.t.JMeterThread: Thread finished: Casual Visitors - Loop 5 Times 1-10
2025-09-01 09:08:48,951 INFO o.a.j.t.JMeterThread: Thread started: Casual Visitors - Loop 5 Times 1-11
2025-09-01 09:08:49,050 INFO o.a.j.t.JMeterThread: Thread is done: Casual Visitors - Loop 5 Times 1-11
2025-09-01 09:08:49,050 INFO o.a.j.t.JMeterThread: Thread finished: Casual Visitors - Loop 5 Times 1-11
2025-09-01 09:08:49,199 INFO o.a.j.t.JMeterThread: Thread started: Casual Visitors - Loop 5 Times 1-12
2025-09-01 09:08:49,305 INFO o.a.j.t.JMeterThread: Thread is done: Casual Visitors - Loop 5 Times 1-12
2025-09-01 09:08:49,305 INFO o.a.j.t.JMeterThread: Thread finished: Casual Visitors - Loop 5 Times 1-12
2025-09-01 09:08:49,449 INFO o.a.j.t.JMeterThread: Thread started: Casual Visitors - Loop 5 Times 1-13
2025-09-01 09:08:49,548 INFO o.a.j.t.JMeterThread: Thread is done: Casual Visitors - Loop 5 Times 1-13
2025-09-01 09:08:49,548 INFO o.a.j.t.JMeterThread: Thread finished: Casual Visitors - Loop 5 Times 1-13
2025-09-01 09:08:49,701 INFO o.a.j.t.JMeterThread: Thread started: Casual Visitors - Loop 5 Times 1-14
2025-09-01 09:08:49,795 INFO o.a.j.t.JMeterThread: Thread is done: Casual Visitors - Loop 5 Times 1-14
2025-09-01 09:08:49,795 INFO o.a.j.t.JMeterThread: Thread finished: Casual Visitors - Loop 5 Times 1-14
2025-09-01 09:08:49,951 INFO o.a.j.t.JMeterThread: Thread started: Casual Visitors - Loop 5 Times 1-15
2025-09-01 09:08:50,043 INFO o.a.j.t.JMeterThread: Thread is done: Casual Visitors - Loop 5 Times 1-15
2025-09-01 09:08:50,043 INFO o.a.j.t.JMeterThread: Thread finished: Casual Visitors - Loop 5 Times 1-15
2025-09-01 09:08:50,201 INFO o.a.j.t.JMeterThread: Thread started: Casual Visitors - Loop 5 Times 1-16
2025-09-01 09:08:50,296 INFO o.a.j.t.JMeterThread: Thread is done: Casual Visitors - Loop 5 Times 1-16
2025-09-01 09:08:50,296 INFO o.a.j.t.JMeterThread: Thread finished: Casual Visitors - Loop 5 Times 1-16
2025-09-01 09:08:50,449 INFO o.a.j.t.JMeterThread: Thread started: Casual Visitors - Loop 5 Times 1-17
2025-09-01 09:08:50,544 INFO o.a.j.t.JMeterThread: Thread is done: Casual Visitors - Loop 5 Times 1-17
2025-09-01 09:08:50,544 INFO o.a.j.t.JMeterThread: Thread finished: Casual Visitors - Loop 5 Times 1-17
2025-09-01 09:08:50,698 INFO o.a.j.t.JMeterThread: Thread started: Casual Visitors - Loop 5 Times 1-18
2025-09-01 09:08:50,792 INFO o.a.j.t.JMeterThread: Thread is done: Casual Visitors - Loop 5 Times 1-18
2025-09-01 09:08:50,792 INFO o.a.j.t.JMeterThread: Thread finished: Casual Visitors - Loop 5 Times 1-18
2025-09-01 09:08:50,949 INFO o.a.j.t.JMeterThread: Thread started: Casual Visitors - Loop 5 Times 1-19
2025-09-01 09:08:51,041 INFO o.a.j.t.JMeterThread: Thread is done: Casual Visitors - Loop 5 Times 1-19
2025-09-01 09:08:51,041 INFO o.a.j.t.JMeterThread: Thread finished: Casual Visitors - Loop 5 Times 1-19
2025-09-01 09:08:51,200 INFO o.a.j.t.JMeterThread: Thread started: Casual Visitors - Loop 5 Times 1-20
2025-09-01 09:08:51,295 INFO o.a.j.t.JMeterThread: Thread is done: Casual Visitors - Loop 5 Times 1-20
2025-09-01 09:08:51,295 INFO o.a.j.t.JMeterThread: Thread finished: Casual Visitors - Loop 5 Times 1-20
2025-09-01 09:08:51,295 INFO o.a.j.e.StandardJMeterEngine: Notifying test listeners of end of test
2025-09-01 09:08:51,295 INFO o.a.j.g.u.JMeterMenuBar: setRunning(false, *local*)
